-------------------------------------------------------------------------------
Test set: com.example.eurekaClientApplication.EurekaClientApplicationTests
-------------------------------------------------------------------------------
Tests run: 1, Failures: 0, Errors: 1, Skipped: 0, Time elapsed: 2.652 s <<< FAILURE! - in com.example.eurekaClientApplication.EurekaClientApplicationTests
contextLoads  Time elapsed: 0.01 s  <<< ERROR!
java.lang.IllegalStateException: Failed to load ApplicationContext
Caused by: org.springframework.beans.factory.BeanCreationException: Error creating bean with name 'helloController': Injection of autowired dependencies failed; nested exception is java.lang.IllegalArgumentException: Could not resolve placeholder 'eureka.instance.instance-id' in value "${eureka.instance.instance-id}"
Caused by: java.lang.IllegalArgumentException: Could not resolve placeholder 'eureka.instance.instance-id' in value "${eureka.instance.instance-id}"

